**********************
PowerShell transcript start
Start time: 20250925173226
Username: DESKTOP-5C42JVO\PleXi-PC
RunAs User: DESKTOP-5C42JVO\PleXi-PC
Configuration Name: 
Machine: DESKTOP-5C42JVO (Microsoft Windows NT 10.0.22631.0)
Host Application: C:\Program Files\PowerShell\7\pwsh.dll -NoProfile -ExecutionPolicy Bypass -Command Import-Module 'c:\Users\PleXi-PC\.vscode\extensions\ms-vscode.powershell-2025.2.0\modules\PowerShellEditorServices\PowerShellEditorServices.psd1'; Start-EditorServices -HostName 'Visual Studio Code Host' -HostProfileId 'Microsoft.VSCode' -HostVersion '2025.2.0' -BundledModulesPath 'c:\Users\PleXi-PC\.vscode\extensions\ms-vscode.powershell-2025.2.0\modules' -EnableConsoleRepl -StartupBanner "PowerShell Extension v2025.2.0
Copyright (c) Microsoft Corporation.

https://aka.ms/vscode-powershell
Type 'help' to get help.
" -LogLevel 'Warning' -LogPath 'c:\Users\PleXi-PC\AppData\Roaming\Code\logs\20250925T165238\window1\exthost\ms-vscode.powershell' -SessionDetailsPath 'c:\Users\PleXi-PC\AppData\Roaming\Code\User\globalStorage\ms-vscode.powershell\sessions\PSES-VSCode-39084-659339.json' -FeatureFlags @() 
Process ID: 63960
PSVersion: 7.4.12
PSEdition: Core
GitCommitId: 7.4.12
OS: Microsoft Windows 10.0.22631
Platform: Win32NT
PSCompatibleVersions: 1.0, 2.0, 3.0, 4.0, 5.0, 5.1, 6.0, 7.0
PSRemotingProtocolVersion: 2.3
SerializationVersion: 1.1.0.1
WSManStackVersion: 3.0
**********************
Transcript started, output file is ISO_Customization_20250925_173226.log
[2025-09-25 17:32:26][INFO] ==================================================================================================
[2025-09-25 17:32:26][INFO] Veeam ISO Customization Script - Version 2.3
[2025-09-25 17:32:26][INFO] ==================================================================================================
[2025-09-25 17:32:26][INFO] Using default parameters (no JSON configuration file specified)
[2025-09-25 17:32:26][INFO] Testing prerequisites...
[2025-09-25 17:32:29][INFO] WSL is available
[2025-09-25 17:32:29][INFO] xorriso is available at: /usr/bin/xorriso
[2025-09-25 17:32:29][ERROR] Source ISO not found in current directory: VeeamSoftwareAppliance_13.0.0.4967_20250822.iso
[2025-09-25 17:32:29][ERROR] Please ensure the ISO file is in the same directory as this script
[2025-09-25 17:32:29][ERROR] Script failed: Prerequisites check failed. Please resolve the issues above.

==================================================================================================
                                        FAILURE!
==================================================================================================
Error: Prerequisites check failed. Please resolve the issues above.
Check log file: ISO_Customization_20250925_173226.log
==================================================================================================
**********************
PowerShell transcript end
End time: 20250925173229
**********************
